2018-10-07 20:09:17,896 INFO requests.packages.urllib3.connectionpool Starting new HTTPS connection (1): botsin.space
2018-10-07 20:09:18,387 DEBUG requests.packages.urllib3.connectionpool "GET /api/v1/instance/ HTTP/1.1" 200 None
2018-10-07 20:09:18,567 DEBUG requests.packages.urllib3.connectionpool "POST /api/v1/statuses HTTP/1.1" 200 None
2018-10-07 20:24:41,170 INFO requests.packages.urllib3.connectionpool Starting new HTTPS connection (1): botsin.space
2018-10-07 20:24:41,557 DEBUG requests.packages.urllib3.connectionpool "GET /api/v1/instance/ HTTP/1.1" 200 None
2018-10-07 20:24:41,787 DEBUG requests.packages.urllib3.connectionpool "POST /api/v1/statuses HTTP/1.1" 200 None
2018-10-07 21:10:01,984 INFO requests.packages.urllib3.connectionpool Starting new HTTPS connection (1): botsin.space
2018-10-07 21:10:02,934 DEBUG requests.packages.urllib3.connectionpool "GET /api/v1/instance/ HTTP/1.1" 200 None
2018-10-07 21:10:03,801 DEBUG requests.packages.urllib3.connectionpool "POST /api/v1/statuses HTTP/1.1" 200 None
2018-10-08 08:00:02,247 INFO requests.packages.urllib3.connectionpool Starting new HTTPS connection (1): botsin.space
2018-10-08 08:00:03,215 DEBUG requests.packages.urllib3.connectionpool "GET /api/v1/instance/ HTTP/1.1" 200 None
2018-10-08 08:00:06,135 DEBUG requests.packages.urllib3.connectionpool "POST /api/v1/statuses HTTP/1.1" 200 None
2018-10-08 20:00:01,967 INFO requests.packages.urllib3.connectionpool Starting new HTTPS connection (1): botsin.space
2018-10-08 20:00:02,925 DEBUG requests.packages.urllib3.connectionpool "GET /api/v1/instance/ HTTP/1.1" 200 None
2018-10-08 20:00:06,753 DEBUG requests.packages.urllib3.connectionpool "POST /api/v1/statuses HTTP/1.1" 200 None
2018-10-09 08:00:01,304 INFO requests.packages.urllib3.connectionpool Starting new HTTPS connection (1): botsin.space
2018-10-09 08:00:05,671 DEBUG requests.packages.urllib3.connectionpool "GET /api/v1/instance/ HTTP/1.1" 200 None
2018-10-09 08:00:07,503 DEBUG requests.packages.urllib3.connectionpool "POST /api/v1/statuses HTTP/1.1" 200 None
2018-10-09 20:00:01,352 INFO requests.packages.urllib3.connectionpool Starting new HTTPS connection (1): botsin.space
2018-10-09 20:00:01,914 DEBUG requests.packages.urllib3.connectionpool "GET /api/v1/instance/ HTTP/1.1" 200 None
2018-10-09 20:00:04,428 DEBUG requests.packages.urllib3.connectionpool "POST /api/v1/statuses HTTP/1.1" 200 None
2018-10-10 08:00:01,677 INFO requests.packages.urllib3.connectionpool Starting new HTTPS connection (1): botsin.space
2018-10-10 08:00:02,882 DEBUG requests.packages.urllib3.connectionpool "GET /api/v1/instance/ HTTP/1.1" 200 None
2018-10-10 08:00:05,900 DEBUG requests.packages.urllib3.connectionpool "POST /api/v1/statuses HTTP/1.1" 200 None
2018-10-10 20:00:01,772 INFO requests.packages.urllib3.connectionpool Starting new HTTPS connection (1): botsin.space
2018-10-10 20:00:02,762 DEBUG requests.packages.urllib3.connectionpool "GET /api/v1/instance/ HTTP/1.1" 200 None
2018-10-10 20:00:04,367 DEBUG requests.packages.urllib3.connectionpool "POST /api/v1/statuses HTTP/1.1" 200 None
2018-10-11 08:00:02,165 INFO requests.packages.urllib3.connectionpool Starting new HTTPS connection (1): botsin.space
2018-10-11 08:00:03,064 DEBUG requests.packages.urllib3.connectionpool "GET /api/v1/instance/ HTTP/1.1" 200 None
2018-10-11 08:00:05,964 DEBUG requests.packages.urllib3.connectionpool "POST /api/v1/statuses HTTP/1.1" 200 None
2018-10-11 20:00:01,826 INFO requests.packages.urllib3.connectionpool Starting new HTTPS connection (1): botsin.space
2018-10-11 20:00:02,908 DEBUG requests.packages.urllib3.connectionpool "GET /api/v1/instance/ HTTP/1.1" 200 None
2018-10-11 20:00:05,776 DEBUG requests.packages.urllib3.connectionpool "POST /api/v1/statuses HTTP/1.1" 200 None
2018-10-12 08:00:01,487 INFO requests.packages.urllib3.connectionpool Starting new HTTPS connection (1): botsin.space
2018-10-12 08:00:02,119 DEBUG requests.packages.urllib3.connectionpool "GET /api/v1/instance/ HTTP/1.1" 200 None
2018-10-12 08:00:04,456 DEBUG requests.packages.urllib3.connectionpool "POST /api/v1/statuses HTTP/1.1" 200 None
2018-10-12 20:00:01,369 INFO requests.packages.urllib3.connectionpool Starting new HTTPS connection (1): botsin.space
2018-10-12 20:00:02,215 DEBUG requests.packages.urllib3.connectionpool "GET /api/v1/instance/ HTTP/1.1" 200 None
2018-10-12 20:00:04,093 DEBUG requests.packages.urllib3.connectionpool "POST /api/v1/statuses HTTP/1.1" 200 None
2018-10-13 08:00:01,831 INFO requests.packages.urllib3.connectionpool Starting new HTTPS connection (1): botsin.space
2018-10-13 08:00:03,105 DEBUG requests.packages.urllib3.connectionpool "GET /api/v1/instance/ HTTP/1.1" 200 None
2018-10-13 08:00:07,339 DEBUG requests.packages.urllib3.connectionpool "POST /api/v1/statuses HTTP/1.1" 200 None
2018-10-13 20:00:02,218 INFO requests.packages.urllib3.connectionpool Starting new HTTPS connection (1): botsin.space
2018-10-13 20:00:03,874 DEBUG requests.packages.urllib3.connectionpool "GET /api/v1/instance/ HTTP/1.1" 200 None
2018-10-13 20:00:08,850 DEBUG requests.packages.urllib3.connectionpool "POST /api/v1/statuses HTTP/1.1" 200 None
2018-10-14 08:00:01,557 INFO requests.packages.urllib3.connectionpool Starting new HTTPS connection (1): botsin.space
2018-10-14 08:00:02,135 DEBUG requests.packages.urllib3.connectionpool "GET /api/v1/instance/ HTTP/1.1" 200 None
2018-10-14 08:00:03,365 DEBUG requests.packages.urllib3.connectionpool "POST /api/v1/statuses HTTP/1.1" 200 None
2018-10-14 20:00:02,217 INFO requests.packages.urllib3.connectionpool Starting new HTTPS connection (1): botsin.space
2018-10-14 20:00:03,355 DEBUG requests.packages.urllib3.connectionpool "GET /api/v1/instance/ HTTP/1.1" 200 None
2018-10-14 20:00:06,162 DEBUG requests.packages.urllib3.connectionpool "POST /api/v1/statuses HTTP/1.1" 200 None
2018-10-15 08:00:01,688 INFO requests.packages.urllib3.connectionpool Starting new HTTPS connection (1): botsin.space
2018-10-15 08:00:02,178 DEBUG requests.packages.urllib3.connectionpool "GET /api/v1/instance/ HTTP/1.1" 200 None
2018-10-15 08:00:05,348 DEBUG requests.packages.urllib3.connectionpool "POST /api/v1/statuses HTTP/1.1" 200 None
2018-10-15 20:00:02,248 INFO requests.packages.urllib3.connectionpool Starting new HTTPS connection (1): botsin.space
2018-10-15 20:00:03,481 DEBUG requests.packages.urllib3.connectionpool "GET /api/v1/instance/ HTTP/1.1" 200 None
2018-10-15 20:00:05,708 DEBUG requests.packages.urllib3.connectionpool "POST /api/v1/statuses HTTP/1.1" 200 None
2018-10-16 08:00:01,404 INFO requests.packages.urllib3.connectionpool Starting new HTTPS connection (1): botsin.space
2018-10-16 08:00:02,427 DEBUG requests.packages.urllib3.connectionpool "GET /api/v1/instance/ HTTP/1.1" 200 None
2018-10-16 08:00:03,491 DEBUG requests.packages.urllib3.connectionpool "POST /api/v1/statuses HTTP/1.1" 200 None
2018-10-16 20:00:01,361 INFO requests.packages.urllib3.connectionpool Starting new HTTPS connection (1): botsin.space
2018-10-16 20:00:01,949 DEBUG requests.packages.urllib3.connectionpool "GET /api/v1/instance/ HTTP/1.1" 200 None
2018-10-16 20:00:03,923 DEBUG requests.packages.urllib3.connectionpool "POST /api/v1/statuses HTTP/1.1" 200 None
2018-10-17 08:00:01,588 INFO requests.packages.urllib3.connectionpool Starting new HTTPS connection (1): botsin.space
2018-10-17 08:00:02,111 DEBUG requests.packages.urllib3.connectionpool "GET /api/v1/instance/ HTTP/1.1" 200 None
2018-10-17 08:00:03,502 DEBUG requests.packages.urllib3.connectionpool "POST /api/v1/statuses HTTP/1.1" 200 None
2018-10-17 20:00:01,409 INFO requests.packages.urllib3.connectionpool Starting new HTTPS connection (1): botsin.space
2018-10-17 20:00:02,197 DEBUG requests.packages.urllib3.connectionpool "GET /api/v1/instance/ HTTP/1.1" 200 None
2018-10-17 20:00:05,279 DEBUG requests.packages.urllib3.connectionpool "POST /api/v1/statuses HTTP/1.1" 200 None
2018-10-18 08:00:01,931 INFO requests.packages.urllib3.connectionpool Starting new HTTPS connection (1): botsin.space
2018-10-18 08:00:02,629 DEBUG requests.packages.urllib3.connectionpool "GET /api/v1/instance/ HTTP/1.1" 200 None
2018-10-18 08:00:05,852 DEBUG requests.packages.urllib3.connectionpool "POST /api/v1/statuses HTTP/1.1" 200 None
2018-10-18 20:00:01,773 INFO requests.packages.urllib3.connectionpool Starting new HTTPS connection (1): botsin.space
2018-10-18 20:00:02,488 DEBUG requests.packages.urllib3.connectionpool "GET /api/v1/instance/ HTTP/1.1" 200 None
2018-10-18 20:00:05,157 DEBUG requests.packages.urllib3.connectionpool "POST /api/v1/statuses HTTP/1.1" 200 None
2018-10-19 08:00:01,919 INFO requests.packages.urllib3.connectionpool Starting new HTTPS connection (1): botsin.space
2018-10-19 08:00:02,536 DEBUG requests.packages.urllib3.connectionpool "GET /api/v1/instance/ HTTP/1.1" 200 None
2018-10-19 08:00:03,655 DEBUG requests.packages.urllib3.connectionpool "POST /api/v1/statuses HTTP/1.1" 200 None
2018-10-19 20:00:01,554 INFO requests.packages.urllib3.connectionpool Starting new HTTPS connection (1): botsin.space
2018-10-19 20:00:02,682 DEBUG requests.packages.urllib3.connectionpool "GET /api/v1/instance/ HTTP/1.1" 200 None
2018-10-19 20:00:06,003 DEBUG requests.packages.urllib3.connectionpool "POST /api/v1/statuses HTTP/1.1" 200 None
2018-10-20 08:00:01,702 INFO requests.packages.urllib3.connectionpool Starting new HTTPS connection (1): botsin.space
2018-10-20 08:00:02,544 DEBUG requests.packages.urllib3.connectionpool "GET /api/v1/instance/ HTTP/1.1" 200 None
2018-10-20 08:00:04,747 DEBUG requests.packages.urllib3.connectionpool "POST /api/v1/statuses HTTP/1.1" 200 None
2018-10-20 20:00:01,614 INFO requests.packages.urllib3.connectionpool Starting new HTTPS connection (1): botsin.space
2018-10-20 20:00:02,570 DEBUG requests.packages.urllib3.connectionpool "GET /api/v1/instance/ HTTP/1.1" 200 None
2018-10-20 20:00:04,041 DEBUG requests.packages.urllib3.connectionpool "POST /api/v1/statuses HTTP/1.1" 200 None
2018-10-21 08:00:01,751 INFO requests.packages.urllib3.connectionpool Starting new HTTPS connection (1): botsin.space
2018-10-21 08:00:02,965 DEBUG requests.packages.urllib3.connectionpool "GET /api/v1/instance/ HTTP/1.1" 200 None
2018-10-21 08:00:04,947 DEBUG requests.packages.urllib3.connectionpool "POST /api/v1/statuses HTTP/1.1" 200 None
2018-10-21 20:00:01,842 INFO requests.packages.urllib3.connectionpool Starting new HTTPS connection (1): botsin.space
2018-10-21 20:00:02,977 DEBUG requests.packages.urllib3.connectionpool "GET /api/v1/instance/ HTTP/1.1" 200 None
2018-10-21 20:00:05,780 DEBUG requests.packages.urllib3.connectionpool "POST /api/v1/statuses HTTP/1.1" 200 None
2018-10-22 08:00:01,821 INFO requests.packages.urllib3.connectionpool Starting new HTTPS connection (1): botsin.space
2018-10-22 08:00:11,119 DEBUG requests.packages.urllib3.connectionpool "GET /api/v1/instance/ HTTP/1.1" 200 None
2018-10-22 08:00:15,163 DEBUG requests.packages.urllib3.connectionpool "POST /api/v1/statuses HTTP/1.1" 200 None
2018-10-22 20:00:02,058 INFO requests.packages.urllib3.connectionpool Starting new HTTPS connection (1): botsin.space
2018-10-22 20:00:03,028 DEBUG requests.packages.urllib3.connectionpool "GET /api/v1/instance/ HTTP/1.1" 200 None
2018-10-22 20:00:06,372 DEBUG requests.packages.urllib3.connectionpool "POST /api/v1/statuses HTTP/1.1" 200 None
2018-10-23 08:00:02,047 INFO requests.packages.urllib3.connectionpool Starting new HTTPS connection (1): botsin.space
2018-10-23 08:00:03,210 DEBUG requests.packages.urllib3.connectionpool "GET /api/v1/instance/ HTTP/1.1" 200 None
2018-10-23 08:00:05,235 DEBUG requests.packages.urllib3.connectionpool "POST /api/v1/statuses HTTP/1.1" 200 None
2018-10-23 20:00:02,098 INFO requests.packages.urllib3.connectionpool Starting new HTTPS connection (1): botsin.space
2018-10-23 20:00:03,038 DEBUG requests.packages.urllib3.connectionpool "GET /api/v1/instance/ HTTP/1.1" 200 None
2018-10-23 20:00:05,528 DEBUG requests.packages.urllib3.connectionpool "POST /api/v1/statuses HTTP/1.1" 200 None
2018-10-24 08:00:02,237 INFO requests.packages.urllib3.connectionpool Starting new HTTPS connection (1): botsin.space
2018-10-24 08:00:03,062 DEBUG requests.packages.urllib3.connectionpool "GET /api/v1/instance/ HTTP/1.1" 200 None
2018-10-24 08:00:05,359 DEBUG requests.packages.urllib3.connectionpool "POST /api/v1/statuses HTTP/1.1" 200 None
2018-10-24 20:00:02,231 INFO requests.packages.urllib3.connectionpool Starting new HTTPS connection (1): botsin.space
2018-10-24 20:00:03,475 DEBUG requests.packages.urllib3.connectionpool "GET /api/v1/instance/ HTTP/1.1" 200 None
2018-10-24 20:00:06,717 DEBUG requests.packages.urllib3.connectionpool "POST /api/v1/statuses HTTP/1.1" 200 None
2018-10-25 08:00:01,357 INFO requests.packages.urllib3.connectionpool Starting new HTTPS connection (1): botsin.space
2018-10-25 08:00:01,870 DEBUG requests.packages.urllib3.connectionpool "GET /api/v1/instance/ HTTP/1.1" 200 None
2018-10-25 08:00:02,651 DEBUG requests.packages.urllib3.connectionpool "POST /api/v1/statuses HTTP/1.1" 200 None
2018-10-25 20:00:01,502 INFO requests.packages.urllib3.connectionpool Starting new HTTPS connection (1): botsin.space
2018-10-25 20:00:02,328 DEBUG requests.packages.urllib3.connectionpool "GET /api/v1/instance/ HTTP/1.1" 200 None
2018-10-25 20:00:04,322 DEBUG requests.packages.urllib3.connectionpool "POST /api/v1/statuses HTTP/1.1" 200 None
2018-10-26 08:00:01,421 INFO requests.packages.urllib3.connectionpool Starting new HTTPS connection (1): botsin.space
2018-10-26 08:00:02,549 DEBUG requests.packages.urllib3.connectionpool "GET /api/v1/instance/ HTTP/1.1" 200 None
2018-10-26 08:00:04,168 DEBUG requests.packages.urllib3.connectionpool "POST /api/v1/statuses HTTP/1.1" 200 None
2018-10-26 20:00:02,043 INFO requests.packages.urllib3.connectionpool Starting new HTTPS connection (1): botsin.space
2018-10-26 20:00:02,978 DEBUG requests.packages.urllib3.connectionpool "GET /api/v1/instance/ HTTP/1.1" 200 None
2018-10-26 20:00:05,483 DEBUG requests.packages.urllib3.connectionpool "POST /api/v1/statuses HTTP/1.1" 200 None
2018-10-27 08:00:02,195 INFO requests.packages.urllib3.connectionpool Starting new HTTPS connection (1): botsin.space
2018-10-27 08:00:02,690 DEBUG requests.packages.urllib3.connectionpool "GET /api/v1/instance/ HTTP/1.1" 200 None
2018-10-27 08:00:04,258 DEBUG requests.packages.urllib3.connectionpool "POST /api/v1/statuses HTTP/1.1" 200 None
2018-10-27 20:00:02,110 INFO requests.packages.urllib3.connectionpool Starting new HTTPS connection (1): botsin.space
2018-10-27 20:00:03,194 DEBUG requests.packages.urllib3.connectionpool "GET /api/v1/instance/ HTTP/1.1" 200 None
2018-10-27 20:00:06,428 DEBUG requests.packages.urllib3.connectionpool "POST /api/v1/statuses HTTP/1.1" 200 None
2018-10-27 20:00:06,430 ERROR __main__ (<type 'exceptions.ValueError'>, ValueError('Cannot Haddockise an empty string',), <traceback object at 0x7f0a9343da28>)
2018-10-28 08:00:02,087 INFO requests.packages.urllib3.connectionpool Starting new HTTPS connection (1): botsin.space
2018-10-28 08:00:02,982 DEBUG requests.packages.urllib3.connectionpool "GET /api/v1/instance/ HTTP/1.1" 200 None
2018-10-28 08:00:06,867 DEBUG requests.packages.urllib3.connectionpool "POST /api/v1/statuses HTTP/1.1" 200 None
2018-10-28 20:00:01,710 INFO requests.packages.urllib3.connectionpool Starting new HTTPS connection (1): botsin.space
2018-10-28 20:00:02,978 DEBUG requests.packages.urllib3.connectionpool "GET /api/v1/instance/ HTTP/1.1" 200 None
2018-10-28 20:00:05,362 DEBUG requests.packages.urllib3.connectionpool "POST /api/v1/statuses HTTP/1.1" 200 None
2018-10-29 08:00:01,730 INFO requests.packages.urllib3.connectionpool Starting new HTTPS connection (1): botsin.space
2018-10-29 08:00:02,505 DEBUG requests.packages.urllib3.connectionpool "GET /api/v1/instance/ HTTP/1.1" 200 None
2018-10-29 08:00:05,421 DEBUG requests.packages.urllib3.connectionpool "POST /api/v1/statuses HTTP/1.1" 200 None
2018-10-29 20:00:01,299 INFO requests.packages.urllib3.connectionpool Starting new HTTPS connection (1): botsin.space
2018-10-29 20:00:01,936 DEBUG requests.packages.urllib3.connectionpool "GET /api/v1/instance/ HTTP/1.1" 200 None
2018-10-29 20:00:04,344 DEBUG requests.packages.urllib3.connectionpool "POST /api/v1/statuses HTTP/1.1" 200 None
2018-10-30 08:00:02,075 INFO requests.packages.urllib3.connectionpool Starting new HTTPS connection (1): botsin.space
2018-10-30 08:00:02,805 DEBUG requests.packages.urllib3.connectionpool "GET /api/v1/instance/ HTTP/1.1" 200 None
2018-10-30 08:00:05,049 DEBUG requests.packages.urllib3.connectionpool "POST /api/v1/statuses HTTP/1.1" 200 None
2018-10-30 20:00:01,912 INFO requests.packages.urllib3.connectionpool Starting new HTTPS connection (1): botsin.space
2018-10-30 20:00:02,518 DEBUG requests.packages.urllib3.connectionpool "GET /api/v1/instance/ HTTP/1.1" 200 None
2018-10-30 20:00:05,028 DEBUG requests.packages.urllib3.connectionpool "POST /api/v1/statuses HTTP/1.1" 200 None
2018-10-31 08:00:01,849 INFO requests.packages.urllib3.connectionpool Starting new HTTPS connection (1): botsin.space
2018-10-31 08:00:02,492 DEBUG requests.packages.urllib3.connectionpool "GET /api/v1/instance/ HTTP/1.1" 200 None
2018-10-31 08:00:04,520 DEBUG requests.packages.urllib3.connectionpool "POST /api/v1/statuses HTTP/1.1" 200 None
2018-10-31 20:00:01,494 INFO requests.packages.urllib3.connectionpool Starting new HTTPS connection (1): botsin.space
2018-10-31 20:00:03,237 DEBUG requests.packages.urllib3.connectionpool "GET /api/v1/instance/ HTTP/1.1" 200 None
2018-10-31 20:00:07,348 DEBUG requests.packages.urllib3.connectionpool "POST /api/v1/statuses HTTP/1.1" 200 None
2018-11-01 08:00:02,045 INFO requests.packages.urllib3.connectionpool Starting new HTTPS connection (1): botsin.space
2018-11-01 08:00:02,901 DEBUG requests.packages.urllib3.connectionpool "GET /api/v1/instance/ HTTP/1.1" 200 None
2018-11-01 08:00:05,990 DEBUG requests.packages.urllib3.connectionpool "POST /api/v1/statuses HTTP/1.1" 200 None
2018-11-01 20:00:01,848 INFO requests.packages.urllib3.connectionpool Starting new HTTPS connection (1): botsin.space
2018-11-01 20:00:02,525 DEBUG requests.packages.urllib3.connectionpool "GET /api/v1/instance/ HTTP/1.1" 200 None
2018-11-01 20:00:06,677 DEBUG requests.packages.urllib3.connectionpool "POST /api/v1/statuses HTTP/1.1" 200 None
2018-11-02 08:00:01,713 INFO requests.packages.urllib3.connectionpool Starting new HTTPS connection (1): botsin.space
2018-11-02 08:00:03,647 DEBUG requests.packages.urllib3.connectionpool "GET /api/v1/instance/ HTTP/1.1" 200 None
2018-11-02 08:00:05,472 DEBUG requests.packages.urllib3.connectionpool "POST /api/v1/statuses HTTP/1.1" 200 None
2018-11-02 20:00:01,485 INFO requests.packages.urllib3.connectionpool Starting new HTTPS connection (1): botsin.space
2018-11-02 20:00:02,048 DEBUG requests.packages.urllib3.connectionpool "GET /api/v1/instance/ HTTP/1.1" 200 None
2018-11-02 20:00:03,097 DEBUG requests.packages.urllib3.connectionpool "POST /api/v1/statuses HTTP/1.1" 200 None
2018-11-03 08:00:02,123 INFO requests.packages.urllib3.connectionpool Starting new HTTPS connection (1): botsin.space
2018-11-03 08:00:02,585 DEBUG requests.packages.urllib3.connectionpool "GET /api/v1/instance/ HTTP/1.1" 200 None
2018-11-03 08:00:04,925 DEBUG requests.packages.urllib3.connectionpool "POST /api/v1/statuses HTTP/1.1" 200 None
2018-11-03 20:00:01,901 INFO requests.packages.urllib3.connectionpool Starting new HTTPS connection (1): botsin.space
2018-11-03 20:00:03,425 DEBUG requests.packages.urllib3.connectionpool "GET /api/v1/instance/ HTTP/1.1" 200 None
2018-11-03 20:00:06,602 DEBUG requests.packages.urllib3.connectionpool "POST /api/v1/statuses HTTP/1.1" 200 None
2018-11-04 08:00:01,632 INFO requests.packages.urllib3.connectionpool Starting new HTTPS connection (1): botsin.space
2018-11-04 08:00:02,603 DEBUG requests.packages.urllib3.connectionpool "GET /api/v1/instance/ HTTP/1.1" 200 None
2018-11-04 08:00:03,772 DEBUG requests.packages.urllib3.connectionpool "POST /api/v1/statuses HTTP/1.1" 200 None
2018-11-04 20:00:01,751 INFO requests.packages.urllib3.connectionpool Starting new HTTPS connection (1): botsin.space
2018-11-04 20:00:02,366 DEBUG requests.packages.urllib3.connectionpool "GET /api/v1/instance/ HTTP/1.1" 200 None
2018-11-04 20:00:04,240 DEBUG requests.packages.urllib3.connectionpool "POST /api/v1/statuses HTTP/1.1" 200 None
2018-11-05 08:00:01,878 INFO requests.packages.urllib3.connectionpool Starting new HTTPS connection (1): botsin.space
2018-11-05 08:00:02,795 DEBUG requests.packages.urllib3.connectionpool "GET /api/v1/instance/ HTTP/1.1" 200 None
2018-11-05 08:00:05,940 DEBUG requests.packages.urllib3.connectionpool "POST /api/v1/statuses HTTP/1.1" 200 None
2018-11-05 20:00:01,971 INFO requests.packages.urllib3.connectionpool Starting new HTTPS connection (1): botsin.space
2018-11-05 20:00:03,509 DEBUG requests.packages.urllib3.connectionpool "GET /api/v1/instance/ HTTP/1.1" 200 None
2018-11-05 20:00:06,188 DEBUG requests.packages.urllib3.connectionpool "POST /api/v1/statuses HTTP/1.1" 200 None
2018-11-06 08:00:02,140 INFO requests.packages.urllib3.connectionpool Starting new HTTPS connection (1): botsin.space
2018-11-06 08:00:03,569 DEBUG requests.packages.urllib3.connectionpool "GET /api/v1/instance/ HTTP/1.1" 200 None
2018-11-06 08:00:06,798 DEBUG requests.packages.urllib3.connectionpool "POST /api/v1/statuses HTTP/1.1" 200 None
2018-11-06 20:00:01,786 INFO requests.packages.urllib3.connectionpool Starting new HTTPS connection (1): botsin.space
2018-11-06 20:00:03,028 DEBUG requests.packages.urllib3.connectionpool "GET /api/v1/instance/ HTTP/1.1" 200 None
2018-11-06 20:00:04,862 DEBUG requests.packages.urllib3.connectionpool "POST /api/v1/statuses HTTP/1.1" 200 None
2018-11-07 08:00:01,895 INFO requests.packages.urllib3.connectionpool Starting new HTTPS connection (1): botsin.space
2018-11-07 08:00:02,842 DEBUG requests.packages.urllib3.connectionpool "GET /api/v1/instance/ HTTP/1.1" 200 None
2018-11-07 08:00:05,334 DEBUG requests.packages.urllib3.connectionpool "POST /api/v1/statuses HTTP/1.1" 200 None
2018-11-07 20:00:01,305 INFO requests.packages.urllib3.connectionpool Starting new HTTPS connection (1): botsin.space
2018-11-07 20:00:02,226 DEBUG requests.packages.urllib3.connectionpool "GET /api/v1/instance/ HTTP/1.1" 200 None
2018-11-07 20:00:04,361 DEBUG requests.packages.urllib3.connectionpool "POST /api/v1/statuses HTTP/1.1" 200 None
2018-11-08 08:00:01,326 INFO requests.packages.urllib3.connectionpool Starting new HTTPS connection (1): botsin.space
2018-11-08 08:00:02,607 DEBUG requests.packages.urllib3.connectionpool "GET /api/v1/instance/ HTTP/1.1" 200 None
2018-11-08 08:00:06,178 DEBUG requests.packages.urllib3.connectionpool "POST /api/v1/statuses HTTP/1.1" 200 None
2018-11-08 20:00:02,211 INFO requests.packages.urllib3.connectionpool Starting new HTTPS connection (1): botsin.space
2018-11-08 20:00:03,824 DEBUG requests.packages.urllib3.connectionpool "GET /api/v1/instance/ HTTP/1.1" 200 None
2018-11-08 20:00:07,078 DEBUG requests.packages.urllib3.connectionpool "POST /api/v1/statuses HTTP/1.1" 200 None
2018-11-09 08:00:01,743 INFO requests.packages.urllib3.connectionpool Starting new HTTPS connection (1): botsin.space
2018-11-09 08:00:02,450 DEBUG requests.packages.urllib3.connectionpool "GET /api/v1/instance/ HTTP/1.1" 200 None
2018-11-09 08:00:05,339 DEBUG requests.packages.urllib3.connectionpool "POST /api/v1/statuses HTTP/1.1" 200 None
2018-11-09 20:00:01,338 INFO requests.packages.urllib3.connectionpool Starting new HTTPS connection (1): botsin.space
2018-11-09 20:00:02,199 DEBUG requests.packages.urllib3.connectionpool "GET /api/v1/instance/ HTTP/1.1" 200 None
2018-11-09 20:00:04,368 DEBUG requests.packages.urllib3.connectionpool "POST /api/v1/statuses HTTP/1.1" 200 None
2018-11-10 08:00:01,411 INFO requests.packages.urllib3.connectionpool Starting new HTTPS connection (1): botsin.space
2018-11-10 08:00:02,586 DEBUG requests.packages.urllib3.connectionpool "GET /api/v1/instance/ HTTP/1.1" 200 None
2018-11-10 08:00:05,290 DEBUG requests.packages.urllib3.connectionpool "POST /api/v1/statuses HTTP/1.1" 200 None
2018-11-10 20:00:01,282 INFO requests.packages.urllib3.connectionpool Starting new HTTPS connection (1): botsin.space
2018-11-10 20:00:03,640 DEBUG requests.packages.urllib3.connectionpool "GET /api/v1/instance/ HTTP/1.1" 200 None
2018-11-10 20:00:07,030 DEBUG requests.packages.urllib3.connectionpool "POST /api/v1/statuses HTTP/1.1" 200 None
2018-11-11 08:00:02,042 INFO requests.packages.urllib3.connectionpool Starting new HTTPS connection (1): botsin.space
2018-11-11 08:00:03,491 DEBUG requests.packages.urllib3.connectionpool "GET /api/v1/instance/ HTTP/1.1" 200 None
2018-11-11 08:00:08,289 DEBUG requests.packages.urllib3.connectionpool "POST /api/v1/statuses HTTP/1.1" 200 None
2018-11-11 20:00:01,299 INFO requests.packages.urllib3.connectionpool Starting new HTTPS connection (1): botsin.space
2018-11-11 20:00:02,051 DEBUG requests.packages.urllib3.connectionpool "GET /api/v1/instance/ HTTP/1.1" 200 None
2018-11-11 20:00:04,543 DEBUG requests.packages.urllib3.connectionpool "POST /api/v1/statuses HTTP/1.1" 200 None
2018-11-12 08:00:01,510 INFO requests.packages.urllib3.connectionpool Starting new HTTPS connection (1): botsin.space
2018-11-12 08:00:02,500 DEBUG requests.packages.urllib3.connectionpool "GET /api/v1/instance/ HTTP/1.1" 200 None
2018-11-12 08:00:04,062 DEBUG requests.packages.urllib3.connectionpool "POST /api/v1/statuses HTTP/1.1" 200 None
2018-11-12 20:00:02,046 INFO requests.packages.urllib3.connectionpool Starting new HTTPS connection (1): botsin.space
2018-11-12 20:00:03,981 DEBUG requests.packages.urllib3.connectionpool "GET /api/v1/instance/ HTTP/1.1" 200 None
2018-11-12 20:00:08,948 DEBUG requests.packages.urllib3.connectionpool "POST /api/v1/statuses HTTP/1.1" 200 None
2018-11-13 08:00:02,013 INFO requests.packages.urllib3.connectionpool Starting new HTTPS connection (1): botsin.space
2018-11-13 08:00:02,764 DEBUG requests.packages.urllib3.connectionpool "GET /api/v1/instance/ HTTP/1.1" 200 None
2018-11-13 08:00:05,204 DEBUG requests.packages.urllib3.connectionpool "POST /api/v1/statuses HTTP/1.1" 200 None
2018-11-13 20:00:02,230 INFO requests.packages.urllib3.connectionpool Starting new HTTPS connection (1): botsin.space
2018-11-13 20:00:03,648 DEBUG requests.packages.urllib3.connectionpool "GET /api/v1/instance/ HTTP/1.1" 200 None
2018-11-13 20:00:07,090 DEBUG requests.packages.urllib3.connectionpool "POST /api/v1/statuses HTTP/1.1" 200 None
2018-11-14 08:00:02,050 INFO requests.packages.urllib3.connectionpool Starting new HTTPS connection (1): botsin.space
2018-11-14 08:00:03,950 DEBUG requests.packages.urllib3.connectionpool "GET /api/v1/instance/ HTTP/1.1" 200 None
2018-11-14 08:00:08,377 DEBUG requests.packages.urllib3.connectionpool "POST /api/v1/statuses HTTP/1.1" 200 None
2018-11-14 20:00:01,374 INFO requests.packages.urllib3.connectionpool Starting new HTTPS connection (1): botsin.space
2018-11-14 20:00:02,401 DEBUG requests.packages.urllib3.connectionpool "GET /api/v1/instance/ HTTP/1.1" 200 None
2018-11-14 20:00:05,128 DEBUG requests.packages.urllib3.connectionpool "POST /api/v1/statuses HTTP/1.1" 200 None
2018-11-15 08:00:01,648 INFO requests.packages.urllib3.connectionpool Starting new HTTPS connection (1): botsin.space
2018-11-15 08:00:02,788 DEBUG requests.packages.urllib3.connectionpool "GET /api/v1/instance/ HTTP/1.1" 200 None
2018-11-15 08:00:04,822 DEBUG requests.packages.urllib3.connectionpool "POST /api/v1/statuses HTTP/1.1" 200 None
2018-11-15 20:00:01,800 INFO requests.packages.urllib3.connectionpool Starting new HTTPS connection (1): botsin.space
2018-11-15 20:00:03,007 DEBUG requests.packages.urllib3.connectionpool "GET /api/v1/instance/ HTTP/1.1" 200 None
2018-11-15 20:00:05,934 DEBUG requests.packages.urllib3.connectionpool "POST /api/v1/statuses HTTP/1.1" 200 None
2018-11-16 08:00:02,132 INFO requests.packages.urllib3.connectionpool Starting new HTTPS connection (1): botsin.space
2018-11-16 08:00:03,789 DEBUG requests.packages.urllib3.connectionpool "GET /api/v1/instance/ HTTP/1.1" 200 None
2018-11-16 08:00:08,254 DEBUG requests.packages.urllib3.connectionpool "POST /api/v1/statuses HTTP/1.1" 200 None
2018-11-16 20:00:02,267 INFO requests.packages.urllib3.connectionpool Starting new HTTPS connection (1): botsin.space
2018-11-16 20:00:04,650 DEBUG requests.packages.urllib3.connectionpool "GET /api/v1/instance/ HTTP/1.1" 200 None
2018-11-16 20:00:12,988 DEBUG requests.packages.urllib3.connectionpool "POST /api/v1/statuses HTTP/1.1" 200 None
2018-11-17 08:00:02,107 INFO requests.packages.urllib3.connectionpool Starting new HTTPS connection (1): botsin.space
2018-11-17 08:00:02,950 DEBUG requests.packages.urllib3.connectionpool "GET /api/v1/instance/ HTTP/1.1" 200 None
2018-11-17 08:00:08,461 DEBUG requests.packages.urllib3.connectionpool "POST /api/v1/statuses HTTP/1.1" 200 None
2018-11-17 20:00:01,473 INFO requests.packages.urllib3.connectionpool Starting new HTTPS connection (1): botsin.space
2018-11-17 20:00:02,050 DEBUG requests.packages.urllib3.connectionpool "GET /api/v1/instance/ HTTP/1.1" 200 None
2018-11-17 20:00:06,159 DEBUG requests.packages.urllib3.connectionpool "POST /api/v1/statuses HTTP/1.1" 200 None
2018-11-18 08:00:02,211 INFO requests.packages.urllib3.connectionpool Starting new HTTPS connection (1): botsin.space
2018-11-18 08:00:03,506 DEBUG requests.packages.urllib3.connectionpool "GET /api/v1/instance/ HTTP/1.1" 200 None
2018-11-18 08:00:07,252 DEBUG requests.packages.urllib3.connectionpool "POST /api/v1/statuses HTTP/1.1" 200 None
2018-11-18 20:00:02,268 INFO requests.packages.urllib3.connectionpool Starting new HTTPS connection (1): botsin.space
2018-11-18 20:00:03,005 DEBUG requests.packages.urllib3.connectionpool "GET /api/v1/instance/ HTTP/1.1" 200 None
2018-11-18 20:00:07,774 DEBUG requests.packages.urllib3.connectionpool "POST /api/v1/statuses HTTP/1.1" 200 None
2018-11-19 08:00:01,580 INFO requests.packages.urllib3.connectionpool Starting new HTTPS connection (1): botsin.space
2018-11-19 08:00:02,968 DEBUG requests.packages.urllib3.connectionpool "GET /api/v1/instance/ HTTP/1.1" 200 None
2018-11-19 08:00:05,716 DEBUG requests.packages.urllib3.connectionpool "POST /api/v1/statuses HTTP/1.1" 200 None
2018-11-19 20:00:01,729 INFO requests.packages.urllib3.connectionpool Starting new HTTPS connection (1): botsin.space
2018-11-19 20:00:02,526 DEBUG requests.packages.urllib3.connectionpool "GET /api/v1/instance/ HTTP/1.1" 200 None
2018-11-19 20:00:05,963 DEBUG requests.packages.urllib3.connectionpool "POST /api/v1/statuses HTTP/1.1" 200 None
2018-11-20 08:00:01,974 INFO requests.packages.urllib3.connectionpool Starting new HTTPS connection (1): botsin.space
2018-11-20 08:00:02,744 DEBUG requests.packages.urllib3.connectionpool "GET /api/v1/instance/ HTTP/1.1" 200 None
2018-11-20 08:00:05,814 DEBUG requests.packages.urllib3.connectionpool "POST /api/v1/statuses HTTP/1.1" 200 None
2018-11-20 20:00:01,834 INFO requests.packages.urllib3.connectionpool Starting new HTTPS connection (1): botsin.space
2018-11-20 20:00:03,168 DEBUG requests.packages.urllib3.connectionpool "GET /api/v1/instance/ HTTP/1.1" 200 None
2018-11-20 20:00:07,864 DEBUG requests.packages.urllib3.connectionpool "POST /api/v1/statuses HTTP/1.1" 200 None
2018-11-21 08:00:01,919 INFO requests.packages.urllib3.connectionpool Starting new HTTPS connection (1): botsin.space
2018-11-21 08:00:02,823 DEBUG requests.packages.urllib3.connectionpool "GET /api/v1/instance/ HTTP/1.1" 200 None
2018-11-21 08:00:07,147 DEBUG requests.packages.urllib3.connectionpool "POST /api/v1/statuses HTTP/1.1" 200 None
2018-11-21 20:00:02,157 INFO requests.packages.urllib3.connectionpool Starting new HTTPS connection (1): botsin.space
2018-11-21 20:00:03,805 DEBUG requests.packages.urllib3.connectionpool "GET /api/v1/instance/ HTTP/1.1" 200 None
2018-11-21 20:00:09,027 DEBUG requests.packages.urllib3.connectionpool "POST /api/v1/statuses HTTP/1.1" 200 None
2018-11-22 08:00:02,113 INFO requests.packages.urllib3.connectionpool Starting new HTTPS connection (1): botsin.space
2018-11-22 08:00:03,505 DEBUG requests.packages.urllib3.connectionpool "GET /api/v1/instance/ HTTP/1.1" 200 None
2018-11-22 08:00:07,111 DEBUG requests.packages.urllib3.connectionpool "POST /api/v1/statuses HTTP/1.1" 200 None
2018-11-22 20:00:02,115 INFO requests.packages.urllib3.connectionpool Starting new HTTPS connection (1): botsin.space
2018-11-22 20:00:03,689 DEBUG requests.packages.urllib3.connectionpool "GET /api/v1/instance/ HTTP/1.1" 200 None
2018-11-22 20:00:09,188 DEBUG requests.packages.urllib3.connectionpool "POST /api/v1/statuses HTTP/1.1" 200 None
2018-11-23 08:00:01,352 INFO requests.packages.urllib3.connectionpool Starting new HTTPS connection (1): botsin.space
2018-11-23 08:00:02,036 DEBUG requests.packages.urllib3.connectionpool "GET /api/v1/instance/ HTTP/1.1" 200 None
2018-11-23 08:00:04,101 DEBUG requests.packages.urllib3.connectionpool "POST /api/v1/statuses HTTP/1.1" 200 None
2018-11-23 20:00:02,143 INFO requests.packages.urllib3.connectionpool Starting new HTTPS connection (1): botsin.space
2018-11-23 20:00:02,786 DEBUG requests.packages.urllib3.connectionpool "GET /api/v1/instance/ HTTP/1.1" 200 None
2018-11-23 20:00:05,679 DEBUG requests.packages.urllib3.connectionpool "POST /api/v1/statuses HTTP/1.1" 200 None
2018-11-24 08:00:01,724 INFO requests.packages.urllib3.connectionpool Starting new HTTPS connection (1): botsin.space
2018-11-24 08:00:02,598 DEBUG requests.packages.urllib3.connectionpool "GET /api/v1/instance/ HTTP/1.1" 200 None
2018-11-24 08:00:06,176 DEBUG requests.packages.urllib3.connectionpool "POST /api/v1/statuses HTTP/1.1" 200 None
2018-11-24 20:00:02,213 INFO requests.packages.urllib3.connectionpool Starting new HTTPS connection (1): botsin.space
2018-11-24 20:00:03,113 DEBUG requests.packages.urllib3.connectionpool "GET /api/v1/instance/ HTTP/1.1" 200 None
2018-11-24 20:00:05,877 DEBUG requests.packages.urllib3.connectionpool "POST /api/v1/statuses HTTP/1.1" 200 None
2018-11-25 08:00:01,986 INFO requests.packages.urllib3.connectionpool Starting new HTTPS connection (1): botsin.space
2018-11-25 08:00:02,927 DEBUG requests.packages.urllib3.connectionpool "GET /api/v1/instance/ HTTP/1.1" 200 None
2018-11-25 08:00:05,662 DEBUG requests.packages.urllib3.connectionpool "POST /api/v1/statuses HTTP/1.1" 200 None
2018-11-25 20:00:01,692 INFO requests.packages.urllib3.connectionpool Starting new HTTPS connection (1): botsin.space
2018-11-25 20:00:03,028 DEBUG requests.packages.urllib3.connectionpool "GET /api/v1/instance/ HTTP/1.1" 200 None
2018-11-25 20:00:05,490 DEBUG requests.packages.urllib3.connectionpool "POST /api/v1/statuses HTTP/1.1" 200 None
2018-11-26 08:00:01,312 INFO requests.packages.urllib3.connectionpool Starting new HTTPS connection (1): botsin.space
2018-11-26 08:00:01,866 DEBUG requests.packages.urllib3.connectionpool "GET /api/v1/instance/ HTTP/1.1" 200 None
2018-11-26 08:00:04,438 DEBUG requests.packages.urllib3.connectionpool "POST /api/v1/statuses HTTP/1.1" 200 None
2018-11-26 20:00:01,469 INFO requests.packages.urllib3.connectionpool Starting new HTTPS connection (1): botsin.space
2018-11-26 20:00:02,285 DEBUG requests.packages.urllib3.connectionpool "GET /api/v1/instance/ HTTP/1.1" 200 None
2018-11-26 20:00:04,390 DEBUG requests.packages.urllib3.connectionpool "POST /api/v1/statuses HTTP/1.1" 200 None
2018-11-27 08:00:01,491 INFO requests.packages.urllib3.connectionpool Starting new HTTPS connection (1): botsin.space
2018-11-27 08:00:02,205 DEBUG requests.packages.urllib3.connectionpool "GET /api/v1/instance/ HTTP/1.1" 200 None
2018-11-27 08:00:04,401 DEBUG requests.packages.urllib3.connectionpool "POST /api/v1/statuses HTTP/1.1" 200 None
2018-11-27 20:00:01,407 INFO requests.packages.urllib3.connectionpool Starting new HTTPS connection (1): botsin.space
2018-11-27 20:00:01,938 DEBUG requests.packages.urllib3.connectionpool "GET /api/v1/instance/ HTTP/1.1" 200 None
2018-11-27 20:00:04,231 DEBUG requests.packages.urllib3.connectionpool "POST /api/v1/statuses HTTP/1.1" 200 None
2018-11-28 08:00:01,408 INFO requests.packages.urllib3.connectionpool Starting new HTTPS connection (1): botsin.space
2018-11-28 08:00:02,569 DEBUG requests.packages.urllib3.connectionpool "GET /api/v1/instance/ HTTP/1.1" 200 None
2018-11-28 08:00:05,744 DEBUG requests.packages.urllib3.connectionpool "POST /api/v1/statuses HTTP/1.1" 200 None
2018-11-28 20:00:01,770 INFO requests.packages.urllib3.connectionpool Starting new HTTPS connection (1): botsin.space
2018-11-28 20:00:02,447 DEBUG requests.packages.urllib3.connectionpool "GET /api/v1/instance/ HTTP/1.1" 200 None
2018-11-28 20:00:04,417 DEBUG requests.packages.urllib3.connectionpool "POST /api/v1/statuses HTTP/1.1" 200 None
2018-11-29 08:00:01,526 INFO requests.packages.urllib3.connectionpool Starting new HTTPS connection (1): botsin.space
2018-11-29 08:00:02,447 DEBUG requests.packages.urllib3.connectionpool "GET /api/v1/instance/ HTTP/1.1" 200 None
2018-11-29 08:00:05,156 DEBUG requests.packages.urllib3.connectionpool "POST /api/v1/statuses HTTP/1.1" 200 None
2018-11-29 20:00:02,177 INFO requests.packages.urllib3.connectionpool Starting new HTTPS connection (1): botsin.space
2018-11-29 20:00:03,078 DEBUG requests.packages.urllib3.connectionpool "GET /api/v1/instance/ HTTP/1.1" 200 None
2018-11-29 20:00:05,892 DEBUG requests.packages.urllib3.connectionpool "POST /api/v1/statuses HTTP/1.1" 200 None
2018-11-30 08:00:02,002 INFO requests.packages.urllib3.connectionpool Starting new HTTPS connection (1): botsin.space
2018-11-30 08:00:03,413 DEBUG requests.packages.urllib3.connectionpool "GET /api/v1/instance/ HTTP/1.1" 200 None
2018-11-30 08:00:06,431 DEBUG requests.packages.urllib3.connectionpool "POST /api/v1/statuses HTTP/1.1" 200 None
2018-11-30 20:00:01,450 INFO requests.packages.urllib3.connectionpool Starting new HTTPS connection (1): botsin.space
2018-11-30 20:00:01,984 DEBUG requests.packages.urllib3.connectionpool "GET /api/v1/instance/ HTTP/1.1" 200 None
2018-11-30 20:00:03,864 DEBUG requests.packages.urllib3.connectionpool "POST /api/v1/statuses HTTP/1.1" 200 None
2018-12-01 08:00:01,930 INFO requests.packages.urllib3.connectionpool Starting new HTTPS connection (1): botsin.space
2018-12-01 08:00:03,123 DEBUG requests.packages.urllib3.connectionpool "GET /api/v1/instance/ HTTP/1.1" 200 None
2018-12-01 08:00:06,363 DEBUG requests.packages.urllib3.connectionpool "POST /api/v1/statuses HTTP/1.1" 200 None
2018-12-01 20:00:01,365 INFO requests.packages.urllib3.connectionpool Starting new HTTPS connection (1): botsin.space
2018-12-01 20:00:02,026 DEBUG requests.packages.urllib3.connectionpool "GET /api/v1/instance/ HTTP/1.1" 200 None
2018-12-01 20:00:04,750 DEBUG requests.packages.urllib3.connectionpool "POST /api/v1/statuses HTTP/1.1" 200 None
2018-12-02 08:00:01,814 INFO requests.packages.urllib3.connectionpool Starting new HTTPS connection (1): botsin.space
2018-12-02 08:00:03,037 DEBUG requests.packages.urllib3.connectionpool "GET /api/v1/instance/ HTTP/1.1" 200 None
2018-12-02 08:00:04,930 DEBUG requests.packages.urllib3.connectionpool "POST /api/v1/statuses HTTP/1.1" 200 None
2018-12-02 20:00:01,961 INFO requests.packages.urllib3.connectionpool Starting new HTTPS connection (1): botsin.space
2018-12-02 20:00:03,578 DEBUG requests.packages.urllib3.connectionpool "GET /api/v1/instance/ HTTP/1.1" 200 None
2018-12-02 20:00:06,738 DEBUG requests.packages.urllib3.connectionpool "POST /api/v1/statuses HTTP/1.1" 200 None
2018-12-03 08:00:02,161 INFO requests.packages.urllib3.connectionpool Starting new HTTPS connection (1): botsin.space
2018-12-03 08:00:03,540 DEBUG requests.packages.urllib3.connectionpool "GET /api/v1/instance/ HTTP/1.1" 200 None
2018-12-03 08:00:07,090 DEBUG requests.packages.urllib3.connectionpool "POST /api/v1/statuses HTTP/1.1" 200 None
2018-12-03 20:00:02,095 INFO requests.packages.urllib3.connectionpool Starting new HTTPS connection (1): botsin.space
2018-12-03 20:00:02,885 DEBUG requests.packages.urllib3.connectionpool "GET /api/v1/instance/ HTTP/1.1" 200 None
2018-12-03 20:00:05,263 DEBUG requests.packages.urllib3.connectionpool "POST /api/v1/statuses HTTP/1.1" 200 None
2018-12-04 08:00:01,303 INFO requests.packages.urllib3.connectionpool Starting new HTTPS connection (1): botsin.space
2018-12-04 08:00:02,165 DEBUG requests.packages.urllib3.connectionpool "GET /api/v1/instance/ HTTP/1.1" 200 None
2018-12-04 08:00:04,467 DEBUG requests.packages.urllib3.connectionpool "POST /api/v1/statuses HTTP/1.1" 200 None
2018-12-04 20:00:01,502 INFO requests.packages.urllib3.connectionpool Starting new HTTPS connection (1): botsin.space
2018-12-04 20:00:02,818 DEBUG requests.packages.urllib3.connectionpool "GET /api/v1/instance/ HTTP/1.1" 200 None
2018-12-04 20:00:05,875 DEBUG requests.packages.urllib3.connectionpool "POST /api/v1/statuses HTTP/1.1" 200 None
2018-12-05 08:00:01,945 INFO requests.packages.urllib3.connectionpool Starting new HTTPS connection (1): botsin.space
2018-12-05 08:00:02,756 DEBUG requests.packages.urllib3.connectionpool "GET /api/v1/instance/ HTTP/1.1" 200 None
2018-12-05 08:00:06,451 DEBUG requests.packages.urllib3.connectionpool "POST /api/v1/statuses HTTP/1.1" 200 None
2018-12-05 20:00:01,440 INFO requests.packages.urllib3.connectionpool Starting new HTTPS connection (1): botsin.space
2018-12-05 20:00:01,954 DEBUG requests.packages.urllib3.connectionpool "GET /api/v1/instance/ HTTP/1.1" 200 None
2018-12-05 20:00:04,753 DEBUG requests.packages.urllib3.connectionpool "POST /api/v1/statuses HTTP/1.1" 200 None
2018-12-06 08:00:01,852 INFO requests.packages.urllib3.connectionpool Starting new HTTPS connection (1): botsin.space
2018-12-06 08:00:03,454 DEBUG requests.packages.urllib3.connectionpool "GET /api/v1/instance/ HTTP/1.1" 200 None
2018-12-06 08:00:09,915 DEBUG requests.packages.urllib3.connectionpool "POST /api/v1/statuses HTTP/1.1" 200 None
2018-12-06 20:00:01,925 INFO requests.packages.urllib3.connectionpool Starting new HTTPS connection (1): botsin.space
2018-12-06 20:00:03,285 DEBUG requests.packages.urllib3.connectionpool "GET /api/v1/instance/ HTTP/1.1" 200 None
2018-12-06 20:00:07,508 DEBUG requests.packages.urllib3.connectionpool "POST /api/v1/statuses HTTP/1.1" 200 None
2018-12-07 08:00:01,542 INFO requests.packages.urllib3.connectionpool Starting new HTTPS connection (1): botsin.space
2018-12-07 08:00:02,127 DEBUG requests.packages.urllib3.connectionpool "GET /api/v1/instance/ HTTP/1.1" 200 None
2018-12-07 08:00:07,292 DEBUG requests.packages.urllib3.connectionpool "POST /api/v1/statuses HTTP/1.1" 200 None
2018-12-07 20:00:01,314 INFO requests.packages.urllib3.connectionpool Starting new HTTPS connection (1): botsin.space
2018-12-07 20:00:02,939 DEBUG requests.packages.urllib3.connectionpool "GET /api/v1/instance/ HTTP/1.1" 200 None
2018-12-07 20:00:07,252 DEBUG requests.packages.urllib3.connectionpool "POST /api/v1/statuses HTTP/1.1" 200 None
2018-12-08 08:00:01,779 INFO requests.packages.urllib3.connectionpool Starting new HTTPS connection (1): botsin.space
2018-12-08 08:00:02,515 DEBUG requests.packages.urllib3.connectionpool "GET /api/v1/instance/ HTTP/1.1" 200 None
2018-12-08 08:00:05,919 DEBUG requests.packages.urllib3.connectionpool "POST /api/v1/statuses HTTP/1.1" 200 None
2018-12-08 20:00:01,889 INFO requests.packages.urllib3.connectionpool Starting new HTTPS connection (1): botsin.space
2018-12-08 20:00:03,683 DEBUG requests.packages.urllib3.connectionpool "GET /api/v1/instance/ HTTP/1.1" 200 None
2018-12-08 20:00:08,267 DEBUG requests.packages.urllib3.connectionpool "POST /api/v1/statuses HTTP/1.1" 200 None
2018-12-09 08:00:02,265 INFO requests.packages.urllib3.connectionpool Starting new HTTPS connection (1): botsin.space
2018-12-09 08:00:03,801 DEBUG requests.packages.urllib3.connectionpool "GET /api/v1/instance/ HTTP/1.1" 200 None
2018-12-09 08:00:09,621 DEBUG requests.packages.urllib3.connectionpool "POST /api/v1/statuses HTTP/1.1" 200 None
2018-12-09 20:00:01,602 INFO requests.packages.urllib3.connectionpool Starting new HTTPS connection (1): botsin.space
2018-12-09 20:00:03,480 DEBUG requests.packages.urllib3.connectionpool "GET /api/v1/instance/ HTTP/1.1" 200 None
2018-12-09 20:00:10,825 DEBUG requests.packages.urllib3.connectionpool "POST /api/v1/statuses HTTP/1.1" 200 None
2018-12-10 08:00:01,846 INFO requests.packages.urllib3.connectionpool Starting new HTTPS connection (1): botsin.space
2018-12-10 08:00:02,721 DEBUG requests.packages.urllib3.connectionpool "GET /api/v1/instance/ HTTP/1.1" 200 None
2018-12-10 08:00:05,366 DEBUG requests.packages.urllib3.connectionpool "POST /api/v1/statuses HTTP/1.1" 200 None
2018-12-10 20:00:01,360 INFO requests.packages.urllib3.connectionpool Starting new HTTPS connection (1): botsin.space
2018-12-10 20:00:02,708 DEBUG requests.packages.urllib3.connectionpool "GET /api/v1/instance/ HTTP/1.1" 200 None
2018-12-10 20:00:08,397 DEBUG requests.packages.urllib3.connectionpool "POST /api/v1/statuses HTTP/1.1" 200 None
2018-12-11 08:00:01,456 INFO requests.packages.urllib3.connectionpool Starting new HTTPS connection (1): botsin.space
2018-12-11 08:00:02,945 DEBUG requests.packages.urllib3.connectionpool "GET /api/v1/instance/ HTTP/1.1" 200 None
2018-12-11 08:00:06,493 DEBUG requests.packages.urllib3.connectionpool "POST /api/v1/statuses HTTP/1.1" 200 None
2018-12-11 20:00:01,502 INFO requests.packages.urllib3.connectionpool Starting new HTTPS connection (1): botsin.space
2018-12-11 20:00:02,254 DEBUG requests.packages.urllib3.connectionpool "GET /api/v1/instance/ HTTP/1.1" 200 None
2018-12-11 20:00:08,043 DEBUG requests.packages.urllib3.connectionpool "POST /api/v1/statuses HTTP/1.1" 200 None
2018-12-12 08:00:02,060 INFO requests.packages.urllib3.connectionpool Starting new HTTPS connection (1): botsin.space
2018-12-12 08:00:03,269 DEBUG requests.packages.urllib3.connectionpool "GET /api/v1/instance/ HTTP/1.1" 200 None
2018-12-12 08:00:09,262 DEBUG requests.packages.urllib3.connectionpool "POST /api/v1/statuses HTTP/1.1" 200 None
2018-12-12 20:00:02,267 INFO requests.packages.urllib3.connectionpool Starting new HTTPS connection (1): botsin.space
2018-12-12 20:00:03,107 DEBUG requests.packages.urllib3.connectionpool "GET /api/v1/instance/ HTTP/1.1" 200 None
2018-12-12 20:00:06,879 DEBUG requests.packages.urllib3.connectionpool "POST /api/v1/statuses HTTP/1.1" 200 None
2018-12-13 08:00:01,907 INFO requests.packages.urllib3.connectionpool Starting new HTTPS connection (1): botsin.space
2018-12-13 08:00:03,074 DEBUG requests.packages.urllib3.connectionpool "GET /api/v1/instance/ HTTP/1.1" 200 None
2018-12-13 08:00:08,447 DEBUG requests.packages.urllib3.connectionpool "POST /api/v1/statuses HTTP/1.1" 200 None
2018-12-13 20:00:01,446 INFO requests.packages.urllib3.connectionpool Starting new HTTPS connection (1): botsin.space
2018-12-13 20:00:02,048 DEBUG requests.packages.urllib3.connectionpool "GET /api/v1/instance/ HTTP/1.1" 200 None
2018-12-13 20:00:07,277 DEBUG requests.packages.urllib3.connectionpool "POST /api/v1/statuses HTTP/1.1" 200 None
2018-12-14 08:00:01,379 INFO requests.packages.urllib3.connectionpool Starting new HTTPS connection (1): botsin.space
2018-12-14 08:00:02,105 DEBUG requests.packages.urllib3.connectionpool "GET /api/v1/instance/ HTTP/1.1" 200 None
2018-12-14 08:00:08,823 DEBUG requests.packages.urllib3.connectionpool "POST /api/v1/statuses HTTP/1.1" 200 None
2018-12-14 20:00:01,812 INFO requests.packages.urllib3.connectionpool Starting new HTTPS connection (1): botsin.space
2018-12-14 20:00:03,105 DEBUG requests.packages.urllib3.connectionpool "GET /api/v1/instance/ HTTP/1.1" 200 None
2018-12-14 20:00:07,385 DEBUG requests.packages.urllib3.connectionpool "POST /api/v1/statuses HTTP/1.1" 200 None
2018-12-15 08:00:01,408 INFO requests.packages.urllib3.connectionpool Starting new HTTPS connection (1): botsin.space
2018-12-15 08:00:02,529 DEBUG requests.packages.urllib3.connectionpool "GET /api/v1/instance/ HTTP/1.1" 200 None
2018-12-15 08:00:06,250 DEBUG requests.packages.urllib3.connectionpool "POST /api/v1/statuses HTTP/1.1" 200 None
2018-12-15 20:00:02,253 INFO requests.packages.urllib3.connectionpool Starting new HTTPS connection (1): botsin.space
2018-12-15 20:00:03,985 DEBUG requests.packages.urllib3.connectionpool "GET /api/v1/instance/ HTTP/1.1" 200 None
2018-12-15 20:00:09,220 DEBUG requests.packages.urllib3.connectionpool "POST /api/v1/statuses HTTP/1.1" 200 None
2018-12-16 08:00:01,307 INFO requests.packages.urllib3.connectionpool Starting new HTTPS connection (1): botsin.space
2018-12-16 08:00:02,703 DEBUG requests.packages.urllib3.connectionpool "GET /api/v1/instance/ HTTP/1.1" 200 None
2018-12-16 08:00:06,803 DEBUG requests.packages.urllib3.connectionpool "POST /api/v1/statuses HTTP/1.1" 200 None
2018-12-16 20:00:01,785 INFO requests.packages.urllib3.connectionpool Starting new HTTPS connection (1): botsin.space
2018-12-16 20:00:03,200 DEBUG requests.packages.urllib3.connectionpool "GET /api/v1/instance/ HTTP/1.1" 200 None
2018-12-16 20:00:09,039 DEBUG requests.packages.urllib3.connectionpool "POST /api/v1/statuses HTTP/1.1" 200 None
2018-12-17 08:00:02,224 INFO requests.packages.urllib3.connectionpool Starting new HTTPS connection (1): botsin.space
2018-12-17 08:00:03,200 DEBUG requests.packages.urllib3.connectionpool "GET /api/v1/instance/ HTTP/1.1" 200 None
2018-12-17 08:00:10,170 DEBUG requests.packages.urllib3.connectionpool "POST /api/v1/statuses HTTP/1.1" 200 None
2018-12-17 20:00:02,185 INFO requests.packages.urllib3.connectionpool Starting new HTTPS connection (1): botsin.space
2018-12-17 20:00:04,048 DEBUG requests.packages.urllib3.connectionpool "GET /api/v1/instance/ HTTP/1.1" 200 None
2018-12-17 20:00:09,825 DEBUG requests.packages.urllib3.connectionpool "POST /api/v1/statuses HTTP/1.1" 200 None
2018-12-18 08:00:01,880 INFO requests.packages.urllib3.connectionpool Starting new HTTPS connection (1): botsin.space
2018-12-18 08:00:03,227 DEBUG requests.packages.urllib3.connectionpool "GET /api/v1/instance/ HTTP/1.1" 200 None
2018-12-18 08:00:06,723 DEBUG requests.packages.urllib3.connectionpool "POST /api/v1/statuses HTTP/1.1" 200 None
2018-12-18 20:00:01,741 INFO requests.packages.urllib3.connectionpool Starting new HTTPS connection (1): botsin.space
2018-12-18 20:00:02,610 DEBUG requests.packages.urllib3.connectionpool "GET /api/v1/instance/ HTTP/1.1" 200 None
2018-12-18 20:00:07,505 DEBUG requests.packages.urllib3.connectionpool "POST /api/v1/statuses HTTP/1.1" 200 None
2018-12-19 08:00:02,125 INFO requests.packages.urllib3.connectionpool Starting new HTTPS connection (1): botsin.space
2018-12-19 08:00:02,925 DEBUG requests.packages.urllib3.connectionpool "GET /api/v1/instance/ HTTP/1.1" 200 None
2018-12-19 08:00:09,216 DEBUG requests.packages.urllib3.connectionpool "POST /api/v1/statuses HTTP/1.1" 200 None
2018-12-19 20:00:02,238 INFO requests.packages.urllib3.connectionpool Starting new HTTPS connection (1): botsin.space
2018-12-19 20:00:04,350 DEBUG requests.packages.urllib3.connectionpool "GET /api/v1/instance/ HTTP/1.1" 200 None
2018-12-19 20:00:09,774 DEBUG requests.packages.urllib3.connectionpool "POST /api/v1/statuses HTTP/1.1" 200 None
2018-12-20 08:00:01,933 INFO requests.packages.urllib3.connectionpool Starting new HTTPS connection (1): botsin.space
2018-12-20 08:00:03,353 DEBUG requests.packages.urllib3.connectionpool "GET /api/v1/instance/ HTTP/1.1" 200 None
2018-12-20 08:00:07,554 DEBUG requests.packages.urllib3.connectionpool "POST /api/v1/statuses HTTP/1.1" 200 None
2018-12-20 20:00:01,555 INFO requests.packages.urllib3.connectionpool Starting new HTTPS connection (1): botsin.space
2018-12-20 20:00:02,057 DEBUG requests.packages.urllib3.connectionpool "GET /api/v1/instance/ HTTP/1.1" 200 None
2018-12-20 20:00:05,000 DEBUG requests.packages.urllib3.connectionpool "POST /api/v1/statuses HTTP/1.1" 200 None
2018-12-21 08:00:02,203 INFO requests.packages.urllib3.connectionpool Starting new HTTPS connection (1): botsin.space
2018-12-21 08:00:04,390 DEBUG requests.packages.urllib3.connectionpool "GET /api/v1/instance/ HTTP/1.1" 200 None
2018-12-21 08:00:09,751 DEBUG requests.packages.urllib3.connectionpool "POST /api/v1/statuses HTTP/1.1" 200 None
2018-12-21 20:00:01,758 INFO requests.packages.urllib3.connectionpool Starting new HTTPS connection (1): botsin.space
2018-12-21 20:00:02,375 DEBUG requests.packages.urllib3.connectionpool "GET /api/v1/instance/ HTTP/1.1" 200 None
2018-12-21 20:00:06,596 DEBUG requests.packages.urllib3.connectionpool "POST /api/v1/statuses HTTP/1.1" 200 None
2018-12-22 08:00:01,790 INFO requests.packages.urllib3.connectionpool Starting new HTTPS connection (1): botsin.space
2018-12-22 08:00:02,847 DEBUG requests.packages.urllib3.connectionpool "GET /api/v1/instance/ HTTP/1.1" 200 None
2018-12-22 08:00:06,814 DEBUG requests.packages.urllib3.connectionpool "POST /api/v1/statuses HTTP/1.1" 200 None
2018-12-22 20:00:01,798 INFO requests.packages.urllib3.connectionpool Starting new HTTPS connection (1): botsin.space
2018-12-22 20:00:02,441 DEBUG requests.packages.urllib3.connectionpool "GET /api/v1/instance/ HTTP/1.1" 200 None
2018-12-22 20:00:06,367 DEBUG requests.packages.urllib3.connectionpool "POST /api/v1/statuses HTTP/1.1" 200 None
2018-12-23 08:00:01,550 INFO requests.packages.urllib3.connectionpool Starting new HTTPS connection (1): botsin.space
2018-12-23 08:00:02,629 DEBUG requests.packages.urllib3.connectionpool "GET /api/v1/instance/ HTTP/1.1" 200 None
2018-12-23 08:00:07,227 DEBUG requests.packages.urllib3.connectionpool "POST /api/v1/statuses HTTP/1.1" 200 None
2018-12-23 20:00:02,250 INFO requests.packages.urllib3.connectionpool Starting new HTTPS connection (1): botsin.space
2018-12-23 20:00:03,492 DEBUG requests.packages.urllib3.connectionpool "GET /api/v1/instance/ HTTP/1.1" 200 None
2018-12-23 20:00:07,901 DEBUG requests.packages.urllib3.connectionpool "POST /api/v1/statuses HTTP/1.1" 200 None
2018-12-24 08:00:01,606 INFO requests.packages.urllib3.connectionpool Starting new HTTPS connection (1): botsin.space
2018-12-24 08:00:02,399 DEBUG requests.packages.urllib3.connectionpool "GET /api/v1/instance/ HTTP/1.1" 200 None
2018-12-24 08:00:09,867 DEBUG requests.packages.urllib3.connectionpool "POST /api/v1/statuses HTTP/1.1" 200 None
2018-12-24 20:00:01,907 INFO requests.packages.urllib3.connectionpool Starting new HTTPS connection (1): botsin.space
2018-12-24 20:00:03,131 DEBUG requests.packages.urllib3.connectionpool "GET /api/v1/instance/ HTTP/1.1" 200 None
2018-12-24 20:00:09,632 DEBUG requests.packages.urllib3.connectionpool "POST /api/v1/statuses HTTP/1.1" 200 None
2018-12-25 08:00:01,785 INFO requests.packages.urllib3.connectionpool Starting new HTTPS connection (1): botsin.space
2018-12-25 08:00:02,862 DEBUG requests.packages.urllib3.connectionpool "GET /api/v1/instance/ HTTP/1.1" 200 None
2018-12-25 08:00:08,540 DEBUG requests.packages.urllib3.connectionpool "POST /api/v1/statuses HTTP/1.1" 200 None
2018-12-25 20:00:01,556 INFO requests.packages.urllib3.connectionpool Starting new HTTPS connection (1): botsin.space
2018-12-25 20:00:02,231 DEBUG requests.packages.urllib3.connectionpool "GET /api/v1/instance/ HTTP/1.1" 200 None
2018-12-25 20:00:08,655 DEBUG requests.packages.urllib3.connectionpool "POST /api/v1/statuses HTTP/1.1" 200 None
2018-12-26 08:00:01,872 INFO requests.packages.urllib3.connectionpool Starting new HTTPS connection (1): botsin.space
2018-12-26 08:00:03,001 DEBUG requests.packages.urllib3.connectionpool "GET /api/v1/instance/ HTTP/1.1" 200 None
2018-12-26 08:00:05,545 DEBUG requests.packages.urllib3.connectionpool "POST /api/v1/statuses HTTP/1.1" 200 None
2018-12-26 20:00:01,562 INFO requests.packages.urllib3.connectionpool Starting new HTTPS connection (1): botsin.space
2018-12-26 20:00:02,522 DEBUG requests.packages.urllib3.connectionpool "GET /api/v1/instance/ HTTP/1.1" 200 None
2018-12-26 20:00:06,884 DEBUG requests.packages.urllib3.connectionpool "POST /api/v1/statuses HTTP/1.1" 200 None
2018-12-27 08:00:02,039 INFO requests.packages.urllib3.connectionpool Starting new HTTPS connection (1): botsin.space
2018-12-27 08:00:03,428 DEBUG requests.packages.urllib3.connectionpool "GET /api/v1/instance/ HTTP/1.1" 200 None
2018-12-27 08:00:08,216 DEBUG requests.packages.urllib3.connectionpool "POST /api/v1/statuses HTTP/1.1" 200 None
